<?xml version="1.0" encoding="UTF-8"?>
<testsuite name="Solution26Test" tests="3" skipped="0" failures="0" errors="0" timestamp="2021-10-02T20:38:12" hostname="MANNYPC" time="0.02">
  <properties/>
  <testcase name="test1()" classname="Solution26Test" time="0.018"/>
  <testcase name="test2()" classname="Solution26Test" time="0.0"/>
  <testcase name="test3()" classname="Solution26Test" time="0.0"/>
  <system-out><![CDATA[]]></system-out>
  <system-err><![CDATA[]]></system-err>
</testsuite>
