<?xml version="1.0" encoding="UTF-8"?>
<testsuite name="Solution29Test" tests="1" skipped="0" failures="0" errors="0" timestamp="2021-10-03T18:41:57" hostname="MANNYPC" time="0.016">
  <properties/>
  <testcase name="test1()" classname="Solution29Test" time="0.016"/>
  <system-out><![CDATA[]]></system-out>
  <system-err><![CDATA[]]></system-err>
</testsuite>
